<?xml version="1.0" encoding="UTF-8"?>
<!-- Generated by org.testng.reporters.JUnitXMLReporter -->
<testsuite hostname="ATMECSINLT-033" ignored="0" name="Test" tests="1" failures="1" timestamp="28 Nov 2019 05:23:44 GMT" time="14.598" errors="0">
  <testcase name="phpTravlesIntegration" time="7.197" classname="com.atmecs.practice1.scripts.PhpTravlesScript">
    <failure type="java.lang.AssertionError" message="Assertion failed expected [Hi, Demo User] but found [LOGIN]">
      <![CDATA[java.lang.AssertionError: Assertion failed expected [Hi, Demo User] but found [LOGIN]
at com.atmecs.practice1.helper.CommonUtlity.assertion(CommonUtlity.java:485)
at com.atmecs.practice1.pages.PhpTravlesFuncationality.accountPageValidation(PhpTravlesFuncationality.java:73)
at com.atmecs.practice1.scripts.PhpTravlesScript.phpTravlesIntegration(PhpTravlesScript.java:18)
... Removed 31 stack frames]]>
    </failure>
  </testcase> <!-- phpTravlesIntegration -->
</testsuite> <!-- Test -->
